Change Component Designator: Old Designator=C18 New Designator=C27
Change Component Designator: Old Designator=C19 New Designator=C28
Change Component Designator: Old Designator=C20 New Designator=C29
Change Component Designator: Old Designator=C21 New Designator=C30
Change Component Designator: Old Designator=C22 New Designator=C31
Change Component Designator: Old Designator=C23 New Designator=C32
Change Component Designator: Old Designator=C24 New Designator=C33
Change Component Designator: Old Designator=C25 New Designator=C34
Change Component Designator: Old Designator=C26 New Designator=C35
Change Component Designator: Old Designator=C27 New Designator=C36
Change Component Designator: Old Designator=C28 New Designator=C37
Change Component Designator: Old Designator=C29 New Designator=C38
Change Component Designator: Old Designator=C30 New Designator=C39
Change Component Designator: Old Designator=C31 New Designator=C40
Change Component Designator: Old Designator=C32 New Designator=C41
Change Component Designator: Old Designator=C33 New Designator=C42
Change Component Designator: Old Designator=C34 New Designator=C43
Change Component Designator: Old Designator=C35 New Designator=C44
Change Component Designator: Old Designator=C36 New Designator=C45
Change Component Designator: Old Designator=C37 New Designator=C46
Change Component Designator: Old Designator=C38 New Designator=C47
Change Component Designator: Old Designator=C39 New Designator=C48
Change Component Designator: Old Designator=C40 New Designator=C49
Change Component Designator: Old Designator=C41 New Designator=C50
Change Component Designator: Old Designator=C42 New Designator=C51
Change Component Designator: Old Designator=C43 New Designator=C52
Change Component Designator: Old Designator=C44 New Designator=C53
Change Component Designator: Old Designator=C45 New Designator=C54
Change Component Designator: Old Designator=C46 New Designator=C55
Change Component Designator: Old Designator=C47 New Designator=C56
Change Component Designator: Old Designator=C48 New Designator=C57
Change Component Designator: Old Designator=C49 New Designator=C58
Change Component Designator: Old Designator=C50 New Designator=C59
Change Component Designator: Old Designator=C51 New Designator=C60
Change Component Designator: Old Designator=C52 New Designator=C61
Change Component Designator: Old Designator=C53 New Designator=C62
Change Component Designator: Old Designator=J2 New Designator=J20
Change Component Designator: Old Designator=J3 New Designator=J21
Change Component Designator: Old Designator=J4 New Designator=J22
Change Component Designator: Old Designator=J5 New Designator=J23
Change Component Designator: Old Designator=L2 New Designator=L20
Change Component Designator: Old Designator=Q2 New Designator=Q20
Change Component Designator: Old Designator=Q3 New Designator=Q21
Change Component Designator: Old Designator=R3 New Designator=R20
Change Component Designator: Old Designator=R4 New Designator=R21
Change Component Designator: Old Designator=R5 New Designator=R22
Change Component Designator: Old Designator=R6 New Designator=R23
Change Component Designator: Old Designator=R7 New Designator=R24
Change Component Designator: Old Designator=R8 New Designator=R25
Change Component Designator: Old Designator=R9 New Designator=R26
