Change Component Designator: Old Designator=C27 New Designator=C200
Change Component Designator: Old Designator=C28 New Designator=C201
Change Component Designator: Old Designator=C29 New Designator=C202
Change Component Designator: Old Designator=C30 New Designator=C203
Change Component Designator: Old Designator=C31 New Designator=C204
Change Component Designator: Old Designator=C32 New Designator=C205
Change Component Designator: Old Designator=C33 New Designator=C206
Change Component Designator: Old Designator=C34 New Designator=C207
Change Component Designator: Old Designator=C35 New Designator=C208
Change Component Designator: Old Designator=C36 New Designator=C209
Change Component Designator: Old Designator=C37 New Designator=C210
Change Component Designator: Old Designator=C38 New Designator=C211
Change Component Designator: Old Designator=C39 New Designator=C212
Change Component Designator: Old Designator=C40 New Designator=C213
Change Component Designator: Old Designator=C41 New Designator=C214
Change Component Designator: Old Designator=C42 New Designator=C215
Change Component Designator: Old Designator=C43 New Designator=C216
Change Component Designator: Old Designator=C44 New Designator=C217
Change Component Designator: Old Designator=C45 New Designator=C218
Change Component Designator: Old Designator=C46 New Designator=C219
Change Component Designator: Old Designator=C47 New Designator=C220
Change Component Designator: Old Designator=C48 New Designator=C221
Change Component Designator: Old Designator=C49 New Designator=C222
Change Component Designator: Old Designator=C50 New Designator=C223
Change Component Designator: Old Designator=C51 New Designator=C224
Change Component Designator: Old Designator=C52 New Designator=C225
Change Component Designator: Old Designator=C53 New Designator=C226
Change Component Designator: Old Designator=C54 New Designator=C227
Change Component Designator: Old Designator=C55 New Designator=C228
Change Component Designator: Old Designator=C56 New Designator=C229
Change Component Designator: Old Designator=C57 New Designator=C230
Change Component Designator: Old Designator=C58 New Designator=C231
Change Component Designator: Old Designator=C59 New Designator=C232
Change Component Designator: Old Designator=C60 New Designator=C233
Change Component Designator: Old Designator=C61 New Designator=C234
Change Component Designator: Old Designator=C62 New Designator=C235
Change Component Designator: Old Designator=J20 New Designator=J200
Change Component Designator: Old Designator=J21 New Designator=J201
Change Component Designator: Old Designator=J22 New Designator=J202
Change Component Designator: Old Designator=J23 New Designator=J203
Change Component Designator: Old Designator=L20 New Designator=L200
Change Component Designator: Old Designator=Q20 New Designator=Q200
Change Component Designator: Old Designator=Q21 New Designator=Q201
Change Component Designator: Old Designator=R20 New Designator=R200
Change Component Designator: Old Designator=R21 New Designator=R201
Change Component Designator: Old Designator=R22 New Designator=R202
Change Component Designator: Old Designator=R23 New Designator=R203
Change Component Designator: Old Designator=R24 New Designator=R204
Change Component Designator: Old Designator=R25 New Designator=R205
Change Component Designator: Old Designator=R26 New Designator=R206
