Change Component Designator: Old Designator=C73 New Designator=C82
Change Component Designator: Old Designator=C74 New Designator=C83
Change Component Designator: Old Designator=C75 New Designator=C84
Change Component Designator: Old Designator=C76 New Designator=C85
Change Component Designator: Old Designator=C77 New Designator=C86
Change Component Designator: Old Designator=C78 New Designator=C87
Change Component Designator: Old Designator=C79 New Designator=C88
Change Component Designator: Old Designator=C80 New Designator=C89
Change Component Designator: Old Designator=C81 New Designator=C90
Change Component Designator: Old Designator=C82 New Designator=C91
Change Component Designator: Old Designator=C83 New Designator=C92
Change Component Designator: Old Designator=C84 New Designator=C93
Change Component Designator: Old Designator=C85 New Designator=C94
Change Component Designator: Old Designator=C86 New Designator=C95
Change Component Designator: Old Designator=C87 New Designator=C96
Change Component Designator: Old Designator=D4 New Designator=D40
Change Component Designator: Old Designator=HDR4 New Designator=HDR40
Change Component Designator: Old Designator=HDR5 New Designator=HDR41
Change Component Designator: Old Designator=HDR6 New Designator=HDR42
Change Component Designator: Old Designator=HDR7 New Designator=HDR43
Change Component Designator: Old Designator=HDR8 New Designator=HDR44
Change Component Designator: Old Designator=LS4 New Designator=LS40
Change Component Designator: Old Designator=P4 New Designator=P40
Change Component Designator: Old Designator=P5 New Designator=P41
Change Component Designator: Old Designator=Q6 New Designator=Q40
Change Component Designator: Old Designator=Q7 New Designator=Q41
Change Component Designator: Old Designator=Q8 New Designator=Q42
Change Component Designator: Old Designator=Q9 New Designator=Q43
Change Component Designator: Old Designator=R33 New Designator=R53
Change Component Designator: Old Designator=R34 New Designator=R54
Change Component Designator: Old Designator=R35 New Designator=R55
Change Component Designator: Old Designator=R36 New Designator=R56
Change Component Designator: Old Designator=R37 New Designator=R57
Change Component Designator: Old Designator=R38 New Designator=R58
Change Component Designator: Old Designator=R39 New Designator=R59
Change Component Designator: Old Designator=R40 New Designator=R60
Change Component Designator: Old Designator=R41 New Designator=R61
Change Component Designator: Old Designator=R42 New Designator=R62
Change Component Designator: Old Designator=R43 New Designator=R63
Change Component Designator: Old Designator=R44 New Designator=R64
Change Component Designator: Old Designator=R45 New Designator=R65
Change Component Designator: Old Designator=R46 New Designator=R66
Change Component Designator: Old Designator=SW4 New Designator=SW40
Change Component Designator: Old Designator=U8 New Designator=U40
Change Component Designator: Old Designator=XTAL4 New Designator=XTAL40
Change Component Designator: Old Designator=XTAL5 New Designator=XTAL41
