Change Component Designator: Old Designator=C82 New Designator=C400
Change Component Designator: Old Designator=C83 New Designator=C401
Change Component Designator: Old Designator=C84 New Designator=C402
Change Component Designator: Old Designator=C85 New Designator=C403
Change Component Designator: Old Designator=C86 New Designator=C404
Change Component Designator: Old Designator=C87 New Designator=C405
Change Component Designator: Old Designator=C88 New Designator=C406
Change Component Designator: Old Designator=C89 New Designator=C407
Change Component Designator: Old Designator=C90 New Designator=C408
Change Component Designator: Old Designator=C91 New Designator=C409
Change Component Designator: Old Designator=C92 New Designator=C410
Change Component Designator: Old Designator=C93 New Designator=C411
Change Component Designator: Old Designator=C94 New Designator=C412
Change Component Designator: Old Designator=C95 New Designator=C413
Change Component Designator: Old Designator=C96 New Designator=C414
Change Component Designator: Old Designator=D40 New Designator=D400
Change Component Designator: Old Designator=HDR40 New Designator=HDR400
Change Component Designator: Old Designator=HDR41 New Designator=HDR401
Change Component Designator: Old Designator=HDR42 New Designator=HDR402
Change Component Designator: Old Designator=HDR43 New Designator=HDR403
Change Component Designator: Old Designator=HDR44 New Designator=HDR404
Change Component Designator: Old Designator=LS40 New Designator=LS400
Change Component Designator: Old Designator=P40 New Designator=P400
Change Component Designator: Old Designator=P41 New Designator=P401
Change Component Designator: Old Designator=Q40 New Designator=Q400
Change Component Designator: Old Designator=Q41 New Designator=Q401
Change Component Designator: Old Designator=Q42 New Designator=Q402
Change Component Designator: Old Designator=Q43 New Designator=Q403
Change Component Designator: Old Designator=R53 New Designator=R400
Change Component Designator: Old Designator=R54 New Designator=R401
Change Component Designator: Old Designator=R55 New Designator=R402
Change Component Designator: Old Designator=R56 New Designator=R403
Change Component Designator: Old Designator=R57 New Designator=R404
Change Component Designator: Old Designator=R58 New Designator=R405
Change Component Designator: Old Designator=R59 New Designator=R406
Change Component Designator: Old Designator=R60 New Designator=R407
Change Component Designator: Old Designator=R61 New Designator=R408
Change Component Designator: Old Designator=R62 New Designator=R409
Change Component Designator: Old Designator=R63 New Designator=R410
Change Component Designator: Old Designator=R64 New Designator=R411
Change Component Designator: Old Designator=R65 New Designator=R412
Change Component Designator: Old Designator=R66 New Designator=R413
Change Component Designator: Old Designator=SW40 New Designator=SW400
Change Component Designator: Old Designator=U40 New Designator=U400
Change Component Designator: Old Designator=XTAL40 New Designator=XTAL400
Change Component Designator: Old Designator=XTAL41 New Designator=XTAL401
