Change Component Designator: Old Designator=C10 New Designator=C100
Change Component Designator: Old Designator=C11 New Designator=C101
Change Component Designator: Old Designator=C12 New Designator=C102
Change Component Designator: Old Designator=C13 New Designator=C103
Change Component Designator: Old Designator=C14 New Designator=C104
Change Component Designator: Old Designator=C15 New Designator=C105
Change Component Designator: Old Designator=C16 New Designator=C106
Change Component Designator: Old Designator=C17 New Designator=C107
Change Component Designator: Old Designator=C18 New Designator=C108
Change Component Designator: Old Designator=C19 New Designator=C109
Change Component Designator: Old Designator=C20 New Designator=C110
Change Component Designator: Old Designator=C21 New Designator=C111
Change Component Designator: Old Designator=C22 New Designator=C112
Change Component Designator: Old Designator=C23 New Designator=C113
Change Component Designator: Old Designator=C24 New Designator=C114
Change Component Designator: Old Designator=C25 New Designator=C115
Change Component Designator: Old Designator=C26 New Designator=C116
Change Component Designator: Old Designator=D10 New Designator=D100
Change Component Designator: Old Designator=D11 New Designator=D101
Change Component Designator: Old Designator=L10 New Designator=L100
Change Component Designator: Old Designator=R10 New Designator=R100
Change Component Designator: Old Designator=R11 New Designator=R101
Change Component Designator: Old Designator=U10 New Designator=U100
Change Component Designator: Old Designator=U11 New Designator=U101
Change Component Designator: Old Designator=U12 New Designator=U102
