Change Component Designator: Old Designator=C1 New Designator=C10
Change Component Designator: Old Designator=C2 New Designator=C11
Change Component Designator: Old Designator=C3 New Designator=C12
Change Component Designator: Old Designator=C4 New Designator=C13
Change Component Designator: Old Designator=C5 New Designator=C14
Change Component Designator: Old Designator=C6 New Designator=C15
Change Component Designator: Old Designator=C7 New Designator=C16
Change Component Designator: Old Designator=C8 New Designator=C17
Change Component Designator: Old Designator=C9 New Designator=C18
Change Component Designator: Old Designator=C10 New Designator=C19
Change Component Designator: Old Designator=C11 New Designator=C20
Change Component Designator: Old Designator=C12 New Designator=C21
Change Component Designator: Old Designator=C13 New Designator=C22
Change Component Designator: Old Designator=C14 New Designator=C23
Change Component Designator: Old Designator=C15 New Designator=C24
Change Component Designator: Old Designator=C16 New Designator=C25
Change Component Designator: Old Designator=C17 New Designator=C26
Change Component Designator: Old Designator=D1 New Designator=D10
Change Component Designator: Old Designator=D2 New Designator=D11
Change Component Designator: Old Designator=L1 New Designator=L10
Change Component Designator: Old Designator=R1 New Designator=R10
Change Component Designator: Old Designator=R2 New Designator=R11
Change Component Designator: Old Designator=U1 New Designator=U10
Change Component Designator: Old Designator=U2 New Designator=U11
Change Component Designator: Old Designator=U3 New Designator=U12
